<?xml version="1.0" encoding="UTF-8" ?>
<testsuite errors="0" failures="0" hostname="sean-PC" name="socnet.ApiControllerTests" tests="1" time="1.103" timestamp="2011-09-12T14:30:24">
  <properties />
  <testcase classname="socnet.ApiControllerTests" name="testSomething" time="1.081" />
  <system-out><![CDATA[--Output from testSomething--
]]></system-out>
  <system-err><![CDATA[--Output from testSomething--
]]></system-err>
</testsuite>
