<?xml version="1.0" encoding="UTF-8" ?>
<testsuite errors="0" failures="0" hostname="sean-PC" name="socnet.KeywordControllerTests" tests="1" time="0.055" timestamp="2011-09-12T14:30:26">
  <properties />
  <testcase classname="socnet.KeywordControllerTests" name="testSomething" time="0.052" />
  <system-out><![CDATA[--Output from testSomething--
]]></system-out>
  <system-err><![CDATA[--Output from testSomething--
]]></system-err>
</testsuite>
